17:28:45.690 [main] DEBUG org.apache.poi.openxml4j.opc.PackageRelationshipCollection - Parsing relationship: /_rels/.rels
17:28:45.702 [main] DEBUG org.apache.poi.ooxml.POIXMLFactory - using default POIXMLDocumentPart for http://schemas.openxmlformats.org/officeDocument/2006/relationships/printerSettings
17:28:45.710 [main] DEBUG org.apache.poi.openxml4j.opc.PackageRelationshipCollection - Parsing relationship: /xl/_rels/workbook.xml.rels
17:28:45.711 [main] DEBUG org.apache.poi.openxml4j.opc.PackageRelationshipCollection - Parsing relationship: /xl/worksheets/_rels/sheet1.xml.rels
17:28:45.711 [main] DEBUG org.apache.poi.openxml4j.opc.PackageRelationshipCollection - Parsing relationship: /_rels/.rels
17:28:45.725 [main] DEBUG org.apache.poi.ooxml.POIXMLFactory - using default POIXMLDocumentPart for http://schemas.openxmlformats.org/officeDocument/2006/relationships/printerSettings
17:28:45.731 [main] DEBUG org.apache.poi.openxml4j.opc.PackageRelationshipCollection - Parsing relationship: /xl/_rels/workbook.xml.rels
17:28:45.732 [main] DEBUG org.apache.poi.openxml4j.opc.PackageRelationshipCollection - Parsing relationship: /xl/worksheets/_rels/sheet1.xml.rels
17:28:45.736 [main] DEBUG org.apache.poi.openxml4j.opc.PackageRelationshipCollection - Parsing relationship: /_rels/.rels
17:28:45.742 [main] DEBUG org.apache.poi.ooxml.POIXMLFactory - using default POIXMLDocumentPart for http://schemas.openxmlformats.org/officeDocument/2006/relationships/printerSettings
17:28:45.752 [main] DEBUG org.apache.poi.openxml4j.opc.PackageRelationshipCollection - Parsing relationship: /xl/_rels/workbook.xml.rels
17:28:45.752 [main] DEBUG org.apache.poi.openxml4j.opc.PackageRelationshipCollection - Parsing relationship: /xl/worksheets/_rels/sheet1.xml.rels
17:28:45.753 [main] DEBUG org.apache.poi.openxml4j.opc.PackageRelationshipCollection - Parsing relationship: /_rels/.rels
17:28:45.760 [main] DEBUG org.apache.poi.ooxml.POIXMLFactory - using default POIXMLDocumentPart for http://schemas.openxmlformats.org/officeDocument/2006/relationships/printerSettings
18:05:41.817 [main] INFO  testCases.TC001_AccountRegistrationTest - ****TC001_AccountRegistrationTest****
18:05:41.950 [main] INFO  testCases.TC001_AccountRegistrationTest - Clicked My Account
18:05:42.646 [main] INFO  testCases.TC001_AccountRegistrationTest - Clicked Register
18:05:42.659 [main] INFO  testCases.TC001_AccountRegistrationTest - providing register details
18:05:44.752 [main] INFO  testCases.TC001_AccountRegistrationTest - ****Finished TC001_AccountRegistrationTest****
18:05:47.869 [main] INFO  testCases.TC002_LoginTest - ***Test TC002_LoginTest Started***
18:05:47.966 [main] INFO  testCases.TC002_LoginTest - ***Account clicked***
18:05:48.383 [main] INFO  testCases.TC002_LoginTest - ***Login clicked***
18:05:48.497 [main] INFO  testCases.TC002_LoginTest - ***Email set***
18:05:48.550 [main] INFO  testCases.TC002_LoginTest - ***password set***
18:05:48.601 [main] INFO  testCases.TC002_LoginTest - ***Logged In***
18:07:55.025 [main] INFO  testCases.TC001_AccountRegistrationTest - ****TC001_AccountRegistrationTest****
18:07:55.159 [main] INFO  testCases.TC001_AccountRegistrationTest - Clicked My Account
18:07:55.979 [main] INFO  testCases.TC001_AccountRegistrationTest - Clicked Register
18:07:55.982 [main] INFO  testCases.TC001_AccountRegistrationTest - providing register details
18:07:57.943 [main] INFO  testCases.TC001_AccountRegistrationTest - ****Finished TC001_AccountRegistrationTest****
18:08:01.395 [main] INFO  testCases.TC002_LoginTest - ***Test TC002_LoginTest Started***
18:08:01.523 [main] INFO  testCases.TC002_LoginTest - ***Account clicked***
18:08:01.986 [main] INFO  testCases.TC002_LoginTest - ***Login clicked***
18:08:02.099 [main] INFO  testCases.TC002_LoginTest - ***Email set***
18:08:02.176 [main] INFO  testCases.TC002_LoginTest - ***password set***
18:08:02.257 [main] INFO  testCases.TC002_LoginTest - ***Logged In***
18:08:30.555 [main] INFO  testCases.TC001_AccountRegistrationTest - ****TC001_AccountRegistrationTest****
18:08:30.682 [main] INFO  testCases.TC001_AccountRegistrationTest - Clicked My Account
18:08:31.402 [main] INFO  testCases.TC001_AccountRegistrationTest - Clicked Register
18:08:31.404 [main] INFO  testCases.TC001_AccountRegistrationTest - providing register details
18:08:33.252 [main] INFO  testCases.TC001_AccountRegistrationTest - ****Finished TC001_AccountRegistrationTest****
18:08:36.707 [main] INFO  testCases.TC002_LoginTest - ***Test TC002_LoginTest Started***
18:08:36.819 [main] INFO  testCases.TC002_LoginTest - ***Account clicked***
18:08:37.263 [main] INFO  testCases.TC002_LoginTest - ***Login clicked***
18:08:37.369 [main] INFO  testCases.TC002_LoginTest - ***Email set***
18:08:37.443 [main] INFO  testCases.TC002_LoginTest - ***password set***
18:08:37.517 [main] INFO  testCases.TC002_LoginTest - ***Logged In***
18:13:54.732 [TestNG-tests-2] INFO  testCases.TC001_AccountRegistrationTest - ****TC001_AccountRegistrationTest****
18:13:54.732 [TestNG-tests-1] INFO  testCases.TC001_AccountRegistrationTest - ****TC001_AccountRegistrationTest****
