15:46:51.904 [main] INFO  testCases.TC001_AccountRegistrationTest - Clicked My Account
15:46:52.687 [main] INFO  testCases.TC001_AccountRegistrationTest - Clicked Register
15:46:52.690 [main] INFO  testCases.TC001_AccountRegistrationTest - providing register details
15:46:54.085 [main] INFO  testCases.TC001_AccountRegistrationTest - ****Finished TC001_AccountRegistrationTest****
15:47:25.524 [main] INFO  testCases.TC001_AccountRegistrationTest - ****TC001_AccountRegistrationTest****
15:47:25.748 [main] INFO  testCases.TC001_AccountRegistrationTest - Clicked My Account
15:47:26.612 [main] INFO  testCases.TC001_AccountRegistrationTest - Clicked Register
15:47:26.628 [main] INFO  testCases.TC001_AccountRegistrationTest - providing register details
15:47:28.215 [main] INFO  testCases.TC001_AccountRegistrationTest - ****Finished TC001_AccountRegistrationTest****
15:47:37.364 [main] INFO  testCases.TC002_LoginTest - ***Test TC002_LoginTest Started***
15:47:37.512 [main] INFO  testCases.TC002_LoginTest - ***Account clicked***
15:47:38.024 [main] INFO  testCases.TC002_LoginTest - ***Login clicked***
15:47:38.119 [main] INFO  testCases.TC002_LoginTest - ***Email set***
15:47:38.160 [main] INFO  testCases.TC002_LoginTest - ***password set***
15:47:39.291 [main] INFO  testCases.TC002_LoginTest - ***Logged In***
15:48:31.268 [main] INFO  testCases.TC001_AccountRegistrationTest - ****TC001_AccountRegistrationTest****
15:48:31.453 [main] INFO  testCases.TC001_AccountRegistrationTest - Clicked My Account
15:48:32.173 [main] INFO  testCases.TC001_AccountRegistrationTest - Clicked Register
15:48:32.177 [main] INFO  testCases.TC001_AccountRegistrationTest - providing register details
15:48:34.337 [main] INFO  testCases.TC001_AccountRegistrationTest - ****Finished TC001_AccountRegistrationTest****
15:48:38.087 [main] INFO  testCases.TC002_LoginTest - ***Test TC002_LoginTest Started***
15:48:38.220 [main] INFO  testCases.TC002_LoginTest - ***Account clicked***
15:48:38.729 [main] INFO  testCases.TC002_LoginTest - ***Login clicked***
15:48:38.853 [main] INFO  testCases.TC002_LoginTest - ***Email set***
15:48:38.942 [main] INFO  testCases.TC002_LoginTest - ***password set***
15:48:40.113 [main] INFO  testCases.TC002_LoginTest - ***Logged In***
16:32:19.166 [main] INFO  testCases.TC001_AccountRegistrationTest - ****TC001_AccountRegistrationTest****
16:32:19.289 [main] INFO  testCases.TC001_AccountRegistrationTest - Clicked My Account
16:32:19.994 [main] INFO  testCases.TC001_AccountRegistrationTest - Clicked Register
16:32:19.998 [main] INFO  testCases.TC001_AccountRegistrationTest - providing register details
16:32:22.171 [main] INFO  testCases.TC001_AccountRegistrationTest - ****Finished TC001_AccountRegistrationTest****
16:32:25.291 [main] INFO  testCases.TC002_LoginTest - ***Test TC002_LoginTest Started***
16:32:25.440 [main] INFO  testCases.TC002_LoginTest - ***Account clicked***
16:32:25.878 [main] INFO  testCases.TC002_LoginTest - ***Login clicked***
16:32:25.997 [main] INFO  testCases.TC002_LoginTest - ***Email set***
16:32:26.067 [main] INFO  testCases.TC002_LoginTest - ***password set***
16:32:26.144 [main] INFO  testCases.TC002_LoginTest - ***Logged In***
16:33:02.363 [main] INFO  testCases.TC001_AccountRegistrationTest - ****TC001_AccountRegistrationTest****
16:33:02.539 [main] INFO  testCases.TC001_AccountRegistrationTest - Clicked My Account
16:33:03.283 [main] INFO  testCases.TC001_AccountRegistrationTest - Clicked Register
16:33:03.285 [main] INFO  testCases.TC001_AccountRegistrationTest - providing register details
16:33:05.069 [main] INFO  testCases.TC001_AccountRegistrationTest - ****Finished TC001_AccountRegistrationTest****
16:33:08.381 [main] INFO  testCases.TC002_LoginTest - ***Test TC002_LoginTest Started***
16:33:08.502 [main] INFO  testCases.TC002_LoginTest - ***Account clicked***
16:33:08.913 [main] INFO  testCases.TC002_LoginTest - ***Login clicked***
16:33:09.012 [main] INFO  testCases.TC002_LoginTest - ***Email set***
16:33:09.094 [main] INFO  testCases.TC002_LoginTest - ***password set***
16:33:10.175 [main] INFO  testCases.TC002_LoginTest - ***Logged In***
16:42:32.001 [main] INFO  testCases.TC001_AccountRegistrationTest - ****TC001_AccountRegistrationTest****
16:42:32.242 [main] INFO  testCases.TC001_AccountRegistrationTest - Clicked My Account
16:42:33.041 [main] INFO  testCases.TC001_AccountRegistrationTest - Clicked Register
16:42:33.044 [main] INFO  testCases.TC001_AccountRegistrationTest - providing register details
16:42:35.439 [main] INFO  testCases.TC001_AccountRegistrationTest - ****Finished TC001_AccountRegistrationTest****
16:42:39.773 [main] INFO  testCases.TC002_LoginTest - ***Test TC002_LoginTest Started***
16:42:39.939 [main] INFO  testCases.TC002_LoginTest - ***Account clicked***
16:42:40.461 [main] INFO  testCases.TC002_LoginTest - ***Login clicked***
16:42:40.621 [main] INFO  testCases.TC002_LoginTest - ***Email set***
16:42:40.716 [main] INFO  testCases.TC002_LoginTest - ***password set***
