02:10:28.365 [main] DEBUG org.apache.poi.openxml4j.opc.PackageRelationshipCollection - Parsing relationship: /xl/worksheets/_rels/sheet1.xml.rels
02:10:28.369 [main] DEBUG org.apache.poi.openxml4j.opc.PackageRelationshipCollection - Parsing relationship: /_rels/.rels
02:10:28.376 [main] DEBUG org.apache.poi.ooxml.POIXMLFactory - using default POIXMLDocumentPart for http://schemas.openxmlformats.org/officeDocument/2006/relationships/printerSettings
02:10:28.380 [main] DEBUG org.apache.poi.openxml4j.opc.PackageRelationshipCollection - Parsing relationship: /xl/_rels/workbook.xml.rels
02:10:28.380 [main] DEBUG org.apache.poi.openxml4j.opc.PackageRelationshipCollection - Parsing relationship: /xl/worksheets/_rels/sheet1.xml.rels
02:10:28.380 [main] DEBUG org.apache.poi.openxml4j.opc.PackageRelationshipCollection - Parsing relationship: /_rels/.rels
02:10:28.380 [main] DEBUG org.apache.poi.ooxml.POIXMLFactory - using default POIXMLDocumentPart for http://schemas.openxmlformats.org/officeDocument/2006/relationships/printerSettings
02:10:28.407 [main] DEBUG org.apache.poi.openxml4j.opc.PackageRelationshipCollection - Parsing relationship: /xl/_rels/workbook.xml.rels
02:10:28.409 [main] DEBUG org.apache.poi.openxml4j.opc.PackageRelationshipCollection - Parsing relationship: /xl/worksheets/_rels/sheet1.xml.rels
02:10:28.409 [main] DEBUG org.apache.poi.openxml4j.opc.PackageRelationshipCollection - Parsing relationship: /_rels/.rels
02:10:28.413 [main] DEBUG org.apache.poi.ooxml.POIXMLFactory - using default POIXMLDocumentPart for http://schemas.openxmlformats.org/officeDocument/2006/relationships/printerSettings
02:10:28.413 [main] DEBUG org.apache.poi.openxml4j.opc.PackageRelationshipCollection - Parsing relationship: /xl/_rels/workbook.xml.rels
02:10:28.413 [main] DEBUG org.apache.poi.openxml4j.opc.PackageRelationshipCollection - Parsing relationship: /xl/worksheets/_rels/sheet1.xml.rels
02:10:28.429 [main] DEBUG org.apache.poi.openxml4j.opc.PackageRelationshipCollection - Parsing relationship: /_rels/.rels
02:10:28.436 [main] DEBUG org.apache.poi.ooxml.POIXMLFactory - using default POIXMLDocumentPart for http://schemas.openxmlformats.org/officeDocument/2006/relationships/printerSettings
02:10:28.447 [main] INFO  testCases.TC003_LoginDDT - ***Test TC003_LoginDDT Started***
02:10:28.530 [main] INFO  testCases.TC003_LoginDDT - ***Account clicked***
02:10:28.959 [main] INFO  testCases.TC003_LoginDDT - ***Login clicked***
02:10:29.048 [main] INFO  testCases.TC003_LoginDDT - ***Email set***
02:10:29.115 [main] INFO  testCases.TC003_LoginDDT - ***password set***
02:10:29.184 [main] INFO  testCases.TC003_LoginDDT - ***Logged In***
02:10:31.080 [main] INFO  testCases.TC003_LoginDDT - ***Test TC003_LoginDDT Finished***
02:10:31.083 [main] INFO  testCases.TC003_LoginDDT - ***Test TC003_LoginDDT Started***
02:10:31.134 [main] INFO  testCases.TC003_LoginDDT - ***Account clicked***
02:10:32.019 [main] INFO  testCases.TC003_LoginDDT - ***Login clicked***
02:10:32.096 [main] INFO  testCases.TC003_LoginDDT - ***Email set***
02:10:32.138 [main] INFO  testCases.TC003_LoginDDT - ***password set***
02:10:32.181 [main] INFO  testCases.TC003_LoginDDT - ***Logged In***
02:10:37.202 [main] INFO  testCases.TC003_LoginDDT - ***Test TC003_LoginDDT Finished***
02:10:37.204 [main] INFO  testCases.TC003_LoginDDT - ***Test TC003_LoginDDT Started***
02:10:37.255 [main] INFO  testCases.TC003_LoginDDT - ***Account clicked***
02:10:37.638 [main] INFO  testCases.TC003_LoginDDT - ***Login clicked***
02:10:37.709 [main] INFO  testCases.TC003_LoginDDT - ***Email set***
02:10:37.763 [main] INFO  testCases.TC003_LoginDDT - ***password set***
02:10:37.812 [main] INFO  testCases.TC003_LoginDDT - ***Logged In***
02:10:42.862 [main] INFO  testCases.TC003_LoginDDT - ***Test TC003_LoginDDT Finished***
02:10:42.862 [main] INFO  testCases.TC003_LoginDDT - ***Test TC003_LoginDDT Started***
02:10:42.957 [main] INFO  testCases.TC003_LoginDDT - ***Account clicked***
02:10:43.354 [main] INFO  testCases.TC003_LoginDDT - ***Login clicked***
02:10:43.416 [main] INFO  testCases.TC003_LoginDDT - ***Email set***
02:10:43.445 [main] INFO  testCases.TC003_LoginDDT - ***password set***
02:10:43.495 [main] INFO  testCases.TC003_LoginDDT - ***Logged In***
02:10:48.544 [main] INFO  testCases.TC003_LoginDDT - ***Test TC003_LoginDDT Finished***
02:10:48.545 [main] INFO  testCases.TC003_LoginDDT - ***Test TC003_LoginDDT Started***
02:10:48.614 [main] INFO  testCases.TC003_LoginDDT - ***Account clicked***
02:10:49.004 [main] INFO  testCases.TC003_LoginDDT - ***Login clicked***
02:10:49.067 [main] INFO  testCases.TC003_LoginDDT - ***Email set***
02:10:49.095 [main] INFO  testCases.TC003_LoginDDT - ***password set***
02:10:49.145 [main] INFO  testCases.TC003_LoginDDT - ***Logged In***
02:10:51.145 [main] INFO  testCases.TC003_LoginDDT - ***Test TC003_LoginDDT Started***
02:10:51.203 [main] INFO  testCases.TC003_LoginDDT - ***Account clicked***
